<?xml version="1.0" encoding="UTF-8"?>
<!-- Generated by org.testng.reporters.JUnitReportReporter -->
<testsuite skipped="0" hostname="DESKTOP-SNRP3UF" name="com.CAI.tests.RegistrationTest" tests="3" failures="0" timestamp="07 Dec 2020 10:42:59 GMT" time="601.723" errors="0">
  <testcase name="registration" time="293.870" classname="com.CAI.tests.RegistrationTest"/>
  <testcase name="registration" time="146.828" classname="com.CAI.tests.RegistrationTest"/>
  <testcase name="registration" time="161.025" classname="com.CAI.tests.RegistrationTest"/>
</testsuite> <!-- com.CAI.tests.RegistrationTest -->
