<?xml version="1.0" encoding="UTF-8"?>
<!-- Generated by org.testng.reporters.JUnitReportReporter -->
<testsuite skipped="0" hostname="DESKTOP-SNRP3UF" name="com.CAI.tests.RegistrationPositiveTest" tests="1" failures="0" timestamp="09 Dec 2020 20:21:08 GMT" time="69.419" errors="0">
  <testcase name="registrationPositiveTest" time="69.419" classname="com.CAI.tests.RegistrationPositiveTest"/>
</testsuite> <!-- com.CAI.tests.RegistrationPositiveTest -->
