<?xml version="1.0" encoding="UTF-8"?>
<!-- Generated by org.testng.reporters.JUnitReportReporter -->
<testsuite skipped="0" hostname="DESKTOP-SNRP3UF" name="com.CAI.tests.parallelTest" tests="2" failures="0" timestamp="07 Dec 2020 18:56:59 GMT" time="379.464" errors="0">
  <testcase name="method2" time="226.597" classname="com.CAI.tests.parallelTest"/>
  <testcase name="method1" time="152.867" classname="com.CAI.tests.parallelTest"/>
</testsuite> <!-- com.CAI.tests.parallelTest -->
