<?xml version="1.0" encoding="UTF-8"?>
<!-- Generated by org.testng.reporters.JUnitReportReporter -->
<testsuite skipped="0" hostname="DESKTOP-SNRP3UF" name="com.CAI.tests.RegistrationNegativeTest" tests="1" failures="0" timestamp="08 Dec 2020 18:46:11 GMT" time="138.298" errors="0">
  <testcase name="registrationNegativeTest" time="138.298" classname="com.CAI.tests.RegistrationNegativeTest"/>
</testsuite> <!-- com.CAI.tests.RegistrationNegativeTest -->
