<?xml version="1.0" encoding="UTF-8"?>
<!-- Generated by org.testng.reporters.JUnitReportReporter -->
<testsuite skipped="0" hostname="DESKTOP-SNRP3UF" name="com.CAI.tests.croseeBrowserTest" tests="2" failures="0" timestamp="08 Dec 2020 10:02:34 GMT" time="1.061" errors="0">
  <testcase name="crossbrowsertest" time="1.014" classname="com.CAI.tests.croseeBrowserTest"/>
  <testcase name="crossbrowsertest" time="0.047" classname="com.CAI.tests.croseeBrowserTest"/>
</testsuite> <!-- com.CAI.tests.croseeBrowserTest -->
