<?xml version="1.0" encoding="UTF-8"?>
<!-- Generated by org.testng.reporters.JUnitReportReporter -->
<testsuite hostname="DESKTOP-SNRP3UF" failures="0" tests="2" name="com.CAI.tests.RegistrationTest" time="103.645" errors="0" timestamp="5 Dec 2020 19:03:40 GMT">
  <testcase classname="com.CAI.tests.RegistrationTest" name="registration" time="55.350"/>
  <testcase classname="com.CAI.tests.RegistrationTest" name="registration" time="48.295"/>
</testsuite> <!-- com.CAI.tests.RegistrationTest -->
