<?xml version="1.0" encoding="UTF-8"?>
<!-- Generated by org.testng.reporters.JUnitReportReporter -->
<testsuite skipped="0" hostname="DESKTOP-SNRP3UF" name="com.CAI.tests.RegistrationNegativeTest" tests="1" failures="0" timestamp="09 Dec 2020 20:21:08 GMT" time="117.591" errors="0">
  <testcase name="registrationNegativeTest" time="117.591" classname="com.CAI.tests.RegistrationNegativeTest"/>
</testsuite> <!-- com.CAI.tests.RegistrationNegativeTest -->
